<?xml version="1.0" encoding="utf-8"?><testsuites name="pytest tests"><testsuite name="pytest" errors="0" failures="0" skipped="0" tests="37" time="3.884" timestamp="2026-04-27T08:25:06.849004+00:00" hostname="agent-env-051f717d-c57e-4416-89af-1839b004133a"><testcase classname="backend.tests.test_full_suite.TestHealth" name="test_health" time="0.269" /><testcase classname="backend.tests.test_full_suite.TestHealth" name="test_root" time="0.046" /><testcase classname="backend.tests.test_full_suite.TestHealth" name="test_stats" time="0.049" /><testcase classname="backend.tests.test_full_suite.TestAuth" name="test_login_admin" time="0.294" /><testcase classname="backend.tests.test_full_suite.TestAuth" name="test_login_user" time="0.271" /><testcase classname="backend.tests.test_full_suite.TestAuth" name="test_login_wrong_password" time="0.271" /><testcase classname="backend.tests.test_full_suite.TestAuth" name="test_login_missing_user" time="0.050" /><testcase classname="backend.tests.test_full_suite.TestAuth" name="test_protected_no_token" time="0.046" /><testcase classname="backend.tests.test_full_suite.TestAuth" name="test_protected_bad_token" time="0.044" /><testcase classname="backend.tests.test_full_suite.TestAuth" name="test_me_with_token" time="0.363" /><testcase classname="backend.tests.test_full_suite.TestAuth" name="test_register_validation" time="0.051" /><testcase classname="backend.tests.test_full_suite.TestCities" name="test_list_cities" time="0.119" /><testcase classname="backend.tests.test_full_suite.TestCities" name="test_city_plots" time="0.197" /><testcase classname="backend.tests.test_full_suite.TestTONIsland" name="test_island_config" time="0.048" /><testcase classname="backend.tests.test_full_suite.TestTONIsland" name="test_island_map" time="0.075" /><testcase classname="backend.tests.test_full_suite.TestBusinesses" name="test_business_types" time="0.047" /><testcase classname="backend.tests.test_full_suite.TestBusinesses" name="test_my_businesses" time="0.050" /><testcase classname="backend.tests.test_full_suite.TestBusinesses" name="test_patrons_list" time="0.046" /><testcase classname="backend.tests.test_full_suite.TestMarket" name="test_listings" time="0.046" /><testcase classname="backend.tests.test_full_suite.TestBanking" name="test_banks" time="0.048" /><testcase classname="backend.tests.test_full_suite.TestBanking" name="test_withdrawals_queue" time="0.049" /><testcase classname="backend.tests.test_full_suite.TestCredit" name="test_my_loans" time="0.049" /><testcase classname="backend.tests.test_full_suite.TestCredit" name="test_available_banks" time="0.050" /><testcase classname="backend.tests.test_full_suite.TestSecurity" name="test_security_status" time="0.048" /><testcase classname="backend.tests.test_full_suite.TestSecurity" name="test_passkey_list" time="0.049" /><testcase classname="backend.tests.test_full_suite.TestMisc" name="test_leaderboard" time="0.054" /><testcase classname="backend.tests.test_full_suite.TestMisc" name="test_notifications" time="0.054" /><testcase classname="backend.tests.test_full_suite.TestMisc" name="test_resource_buffs_available" time="0.047" /><testcase classname="backend.tests.test_full_suite.TestMisc" name="test_my_resources" time="0.047" /><testcase classname="backend.tests.test_full_suite.TestMisc" name="test_sprites_info" time="0.051" /><testcase classname="backend.tests.test_full_suite.TestAdmin" name="test_user_blocked_admin_stats" time="0.052" /><testcase classname="backend.tests.test_full_suite.TestAdmin" name="test_user_blocked_admin_users" time="0.047" /><testcase classname="backend.tests.test_full_suite.TestAdmin" name="test_admin_stats" time="0.322" /><testcase classname="backend.tests.test_full_suite.TestAdmin" name="test_admin_users" time="0.047" /><testcase classname="backend.tests.test_full_suite.TestTutorial" name="test_tutorial_status" time="0.046" /><testcase classname="backend.tests.test_full_suite.TestTutorial" name="test_tutorial_reset_then_start" time="0.148" /><testcase classname="backend.tests.test_full_suite.TestTutorial" name="test_tutorial_guard_blocks_during_active" time="0.195" /></testsuite></testsuites>